2022-06-21 20:14:21,335:INFO:Bot: TestAccountSellBot [@test_acc_sell_bot]
2022-06-21 20:14:22,426:WARNING:Updates were skipped successfully.
2022-06-21 20:14:22,426:INFO:backup created
2022-06-21 20:14:22,427:INFO:Start polling.
2022-06-21 20:14:41,835:INFO:MESSAGE [612100892] f
2022-06-21 20:14:44,810:INFO:MESSAGE [612100892] ℹ️ FAQ
2022-06-21 20:14:48,189:INFO:MESSAGE [612100892] 🗄️ Каталог
2022-06-21 20:15:02,222:INFO:MESSAGE [612100892] g
2022-06-21 20:15:46,480:INFO:COMMAND [612100892] /start
2022-06-21 20:15:50,902:INFO:MESSAGE [612100892] 🗄️ Каталог
2022-06-21 20:16:36,526:INFO:Stop polling...
2022-06-21 20:16:36,526:WARNING:Goodbye!
2022-06-21 20:17:51,684:INFO:Bot: TestAccountSellBot [@test_acc_sell_bot]
2022-06-21 20:17:52,780:WARNING:Updates were skipped successfully.
2022-06-21 20:17:52,780:INFO:Start polling.
2022-06-21 20:17:55,224:INFO:MESSAGE [612100892] 🔴 Админ панель
2022-06-21 20:17:59,837:INFO:CALL [612100892] admin_shopSettings
2022-06-21 20:18:01,598:INFO:CALL [612100892] admin_mainSettings
2022-06-21 20:18:03,201:INFO:CALL [612100892] admin_changeShopName
2022-06-21 20:19:42,636:INFO:CALL [612100892] admin_mainSettings
2022-06-21 20:19:43,944:INFO:CALL [612100892] admin_shopSettings
2022-06-21 20:19:48,775:INFO:CALL [612100892] admin_adminPanel
2022-06-21 20:19:51,704:INFO:CALL [612100892] admin_shopSettings
2022-06-21 20:19:55,249:INFO:CALL [612100892] admin_mainSettings
2022-06-21 20:19:59,002:INFO:CALL [612100892] admin_changeShopGreeting
2022-06-21 20:20:57,828:INFO:CALL [612100892] admin_mainSettings
2022-06-21 20:21:00,389:INFO:CALL [612100892] admin_changeShopContacts
2022-06-21 20:21:19,294:INFO:CALL [612100892] admin_mainSettings
2022-06-21 20:21:23,398:INFO:CALL [612100892] admin_changeEnableSticker
2022-06-21 20:21:32,086:INFO:CALL [612100892] admin_changeEnableSticker
2022-06-21 20:21:34,660:INFO:CALL [612100892] admin_shopSettings
2022-06-21 20:21:39,679:INFO:CALL [612100892] admin_itemSettings
2022-06-21 20:21:44,620:INFO:CALL [612100892] admin_shopSettings
2022-06-21 20:21:46,138:INFO:CALL [612100892] admin_checkoutSettings
2022-06-21 20:21:49,927:INFO:CALL [612100892] admin_changeEnableCaptcha
2022-06-21 20:21:52,998:INFO:CALL [612100892] admin_shopSettings
2022-06-21 20:21:54,578:INFO:CALL [612100892] admin_additionalSettings
2022-06-21 20:21:56,233:INFO:CALL [612100892] admin_shopSettings
2022-06-21 20:21:58,110:INFO:CALL [612100892] admin_adminPanel
2022-06-21 20:21:59,835:INFO:CALL [612100892] admin_itemManagement
2022-06-21 20:22:01,594:INFO:CALL [612100892] admin_addCat
2022-06-21 20:22:19,232:INFO:CALL [612100892] admin_itemManagement
2022-06-21 20:22:20,667:INFO:CALL [612100892] admin_addCat
2022-06-21 20:22:27,666:INFO:CALL [612100892] admin_itemManagement
2022-06-21 20:22:30,561:INFO:CALL [612100892] admin_editCatChooseCategory
2022-06-21 20:22:31,918:INFO:CALL [612100892] admin_editCat1
2022-06-21 20:22:33,620:INFO:CALL [612100892] admin_editCatChooseCategory
2022-06-21 20:22:34,670:INFO:CALL [612100892] admin_itemManagement
2022-06-21 20:22:35,613:INFO:CALL [612100892] admin_addItem
2022-06-21 20:22:47,023:INFO:CALL [612100892] admin_itemManagement (STATE)
2022-06-21 20:22:48,738:INFO:CALL [612100892] admin_addItem
2022-06-21 20:22:55,807:INFO:CALL [612100892] admin_itemManagement (STATE)
2022-06-21 20:22:57,224:INFO:CALL [612100892] admin_addItem
2022-06-21 20:23:05,655:INFO:CALL [612100892] admin_itemManagement (STATE)
2022-06-21 20:23:07,616:INFO:CALL [612100892] admin_addItem
2022-06-21 20:23:35,936:INFO:CALL [612100892] admin_itemManagement
2022-06-21 20:23:38,483:INFO:CALL [612100892] admin_addItem
2022-06-21 20:23:53,483:INFO:MESSAGE [612100892] 15000
2022-06-21 20:23:55,867:INFO:CALL [612100892] admin_itemManagement
2022-06-21 20:23:58,259:INFO:CALL [612100892] admin_editItemChooseCategory
2022-06-21 20:24:00,244:INFO:CALL [612100892] admin_editItemChooseItem1
2022-06-21 20:24:01,435:INFO:CALL [612100892] admin_editItemChooseCategory
2022-06-21 20:24:02,042:INFO:CALL [612100892] admin_itemManagement
2022-06-21 20:24:04,023:INFO:CALL [612100892] admin_editItemChooseCategory
2022-06-21 20:24:05,044:INFO:CALL [612100892] admin_itemManagement
2022-06-21 20:24:05,816:INFO:CALL [612100892] admin_addItem
2022-06-21 20:24:11,742:INFO:CALL [612100892] admin_itemManagement (STATE)
2022-06-21 20:24:13,539:INFO:CALL [612100892] admin_itemManagement
2022-06-21 20:24:17,080:INFO:CALL [612100892] admin_addItem
2022-06-21 20:24:18,434:INFO:CALL [612100892] admin_itemManagement (STATE)
2022-06-21 20:24:19,559:INFO:CALL [612100892] admin_addItem
2022-06-21 20:24:35,630:INFO:CALL [612100892] admin_addItemSetCat1 (STATE)
2022-06-21 20:25:58,407:INFO:CALL [612100892] admin_addItemConfirm (STATE)
2022-06-21 20:26:04,139:INFO:CALL [612100892] admin_itemManagement
2022-06-21 20:26:06,435:INFO:CALL [612100892] admin_addItem
2022-06-21 20:26:28,622:INFO:CALL [612100892] admin_addItemSetCat1 (STATE)
2022-06-21 20:27:47,567:INFO:CALL [612100892] admin_addItemConfirm (STATE)
2022-06-21 20:27:51,462:INFO:CALL [612100892] admin_itemManagement
2022-06-21 20:27:54,133:INFO:CALL [612100892] admin_editItemChooseCategory
2022-06-21 20:27:55,120:INFO:CALL [612100892] admin_editItemChooseItem1
2022-06-21 20:27:56,076:INFO:CALL [612100892] admin_editItem2
2022-06-21 20:27:57,877:INFO:CALL [612100892] admin_editItemStock2
2022-06-21 20:28:00,930:WARNING:[612100892] FAILED TO DELETE MESSAGE WITH ID 312
2022-06-21 20:28:01,999:INFO:CALL [612100892] admin_editItem2
2022-06-21 20:28:06,742:INFO:CALL [612100892] admin_editItemChooseItem1
2022-06-21 20:28:09,967:INFO:CALL [612100892] admin_editItem1
2022-06-21 20:28:12,721:INFO:CALL [612100892] admin_editItemStock1
2022-06-21 20:28:17,409:WARNING:[612100892] FAILED TO DELETE MESSAGE WITH ID 318
2022-06-21 20:28:19,206:INFO:CALL [612100892] admin_editItem1
2022-06-21 20:28:20,919:INFO:CALL [612100892] admin_editItemChooseItem1
2022-06-21 20:28:23,434:INFO:CALL [612100892] admin_editItemChooseCategory
2022-06-21 20:28:24,949:INFO:CALL [612100892] admin_itemManagement
2022-06-21 20:28:26,555:INFO:CALL [612100892] admin_addItem
2022-06-21 20:28:49,132:INFO:CALL [612100892] admin_addItemSetCat1 (STATE)
2022-06-21 20:29:08,602:INFO:CALL [612100892] admin_addItemConfirm (STATE)
2022-06-21 20:29:15,355:INFO:CALL [612100892] admin_itemManagement
2022-06-21 20:29:16,869:INFO:CALL [612100892] admin_addItem
2022-06-21 20:29:42,239:INFO:CALL [612100892] admin_addItemSetCat1 (STATE)
2022-06-21 20:30:13,215:INFO:CALL [612100892] admin_addItemConfirm (STATE)
2022-06-21 20:30:14,934:INFO:CALL [612100892] admin_itemManagement
2022-06-21 20:30:15,817:INFO:CALL [612100892] admin_editItemChooseCategory
2022-06-21 20:30:16,828:INFO:CALL [612100892] admin_editItemChooseItem1
2022-06-21 20:30:18,464:INFO:CALL [612100892] admin_editItem3
2022-06-21 20:30:20,452:INFO:CALL [612100892] admin_editItemStock3
2022-06-21 20:30:29,574:WARNING:[612100892] FAILED TO DELETE MESSAGE WITH ID 342
2022-06-21 20:30:31,440:INFO:CALL [612100892] admin_editItem3
2022-06-21 20:30:33,959:INFO:CALL [612100892] admin_editItemChooseItem1
2022-06-21 20:30:37,191:INFO:CALL [612100892] admin_editItem4
2022-06-21 20:30:39,352:INFO:CALL [612100892] admin_editItemStock4
2022-06-21 20:30:41,697:WARNING:[612100892] FAILED TO DELETE MESSAGE WITH ID 348
2022-06-21 20:30:43,012:INFO:CALL [612100892] admin_editItem4
2022-06-21 20:30:44,901:INFO:CALL [612100892] admin_editItemChooseItem1
2022-06-21 20:30:47,317:INFO:CALL [612100892] admin_editItemChooseCategory
2022-06-21 20:30:49,408:INFO:CALL [612100892] admin_editItemChooseItem2
2022-06-21 20:30:50,439:INFO:CALL [612100892] admin_editItemChooseCategory
2022-06-21 20:30:51,248:INFO:CALL [612100892] admin_itemManagement
2022-06-21 20:30:59,030:INFO:CALL [612100892] admin_addItem
2022-06-21 20:31:16,498:INFO:CALL [612100892] admin_addItemSetCat2 (STATE)
2022-06-21 20:32:19,784:INFO:CALL [612100892] admin_addItemConfirm (STATE)
2022-06-21 20:32:23,545:INFO:CALL [612100892] admin_itemManagement
2022-06-21 20:32:23,695:INFO:CALL [612100892] admin_itemManagement
2022-06-21 20:32:26,337:INFO:CALL [612100892] admin_editItemChooseCategory
2022-06-21 20:32:27,615:INFO:CALL [612100892] admin_editItemChooseItem2
2022-06-21 20:32:28,621:INFO:CALL [612100892] admin_editItem5
2022-06-21 20:32:30,576:INFO:CALL [612100892] admin_editItemStock5
2022-06-21 20:32:33,442:WARNING:[612100892] FAILED TO DELETE MESSAGE WITH ID 364
2022-06-21 20:32:35,229:INFO:CALL [612100892] admin_editItem5
2022-06-21 20:32:37,356:INFO:CALL [612100892] admin_editItemChooseItem2
2022-06-21 20:32:39,391:INFO:CALL [612100892] admin_editItemChooseCategory
2022-06-21 20:32:40,562:INFO:CALL [612100892] admin_itemManagement
2022-06-21 20:32:41,782:INFO:CALL [612100892] admin_adminPanel
2022-06-21 20:38:03,066:INFO:COMMAND [52495550] /start
2022-06-21 20:38:07,316:INFO:MESSAGE [52495550] 🗄️ Каталог
2022-06-21 20:38:14,420:INFO:MESSAGE [52495550] ℹ️ FAQ
2022-06-21 20:38:16,616:INFO:CALL [52495550] contacts
2022-06-21 20:45:24,845:INFO:Stop polling...
2022-06-21 20:45:24,845:WARNING:Goodbye!
2022-06-21 20:45:44,422:INFO:Bot: TestAccountSellBot [@test_acc_sell_bot]
2022-06-21 20:45:45,533:WARNING:Updates were skipped successfully.
2022-06-21 20:45:45,533:INFO:Start polling.
2022-06-21 20:46:17,469:INFO:Stop polling...
2022-06-21 20:46:17,469:WARNING:Goodbye!
2022-06-21 20:56:06,467:INFO:Bot: TestAccountSellBot [@test_acc_sell_bot]
2022-06-21 20:56:06,634:WARNING:Updates were skipped successfully.
2022-06-21 20:56:06,634:INFO:Start polling.
2022-06-21 20:56:06,755:INFO:MESSAGE [52495550] ℹ️ FAQ
2022-06-21 20:56:37,270:INFO:COMMAND [870069673] /start
2022-06-21 20:56:39,579:INFO:MESSAGE [870069673] 🗄️ Каталог
2022-06-21 20:56:41,806:INFO:CALL [870069673] viewCat1
2022-06-21 20:56:43,780:INFO:CALL [870069673] viewItem2
2022-06-21 20:56:45,375:INFO:MESSAGE [52495550] 🗄️ Каталог
2022-06-21 20:56:45,945:INFO:CALL [870069673] addToCart2
2022-06-21 20:56:47,500:INFO:CALL [52495550] viewCat1
2022-06-21 20:56:49,876:INFO:MESSAGE [870069673] 🛒 Корзина
2022-06-21 20:56:53,784:INFO:CALL [870069673] checkoutCart
2022-06-21 20:57:00,492:INFO:CALL [52495550] catalogue
2022-06-21 20:57:02,613:INFO:CALL [52495550] viewCat2
2022-06-21 20:57:03,854:INFO:CALL [52495550] viewItem5
2022-06-21 20:57:14,646:INFO:CALL [52495550] viewCat2
2022-06-21 20:57:17,222:INFO:CALL [870069673] checkoutCartConfirm (STATE)
2022-06-21 20:57:21,635:INFO:MESSAGE [52495550] 🛒 Корзина
2022-06-21 20:57:23,355:INFO:MESSAGE [52495550] 📁 Профиль
2022-06-21 20:57:28,647:INFO:MESSAGE [52495550] ℹ️ FAQ
2022-06-21 20:57:31,635:INFO:CALL [52495550] refund
2022-06-21 20:57:34,385:INFO:CALL [52495550] faq
2022-06-21 21:01:13,198:INFO:MESSAGE [52495550] 🗄️ Каталог
2022-06-21 21:01:14,716:INFO:CALL [52495550] viewCat1
2022-06-21 21:01:16,491:INFO:CALL [52495550] viewItem2
2022-06-21 21:01:18,715:INFO:MESSAGE [52495550] 🛒 Корзина
2022-06-21 21:01:19,781:INFO:MESSAGE [52495550] 📁 Профиль
2022-06-21 21:01:21,561:INFO:CALL [52495550] myOrders
2022-06-21 21:01:22,276:INFO:CALL [52495550] profile
2022-06-21 21:01:23,483:INFO:MESSAGE [52495550] ℹ️ FAQ
2022-06-21 21:01:25,098:INFO:CALL [52495550] contacts
2022-06-21 21:01:26,488:INFO:CALL [52495550] faq
2022-06-21 21:25:17,850:INFO:CALL [612100892] admin_shopSettings
2022-06-21 21:25:21,067:INFO:CALL [612100892] admin_additionalSettings
2022-06-21 21:25:22,468:INFO:CALL [612100892] admin_customCommands
2022-06-21 21:25:24,013:INFO:CALL [612100892] admin_addCommand
2022-06-21 21:25:43,127:INFO:CALL [612100892] admin_customCommands
2022-06-21 21:25:45,416:INFO:CALL [612100892] None
2022-06-21 21:25:48,806:INFO:CALL [612100892] None
2022-06-21 21:25:49,672:INFO:CALL [612100892] None
2022-06-21 21:25:50,393:INFO:CALL [612100892] None
2022-06-21 21:25:51,254:INFO:CALL [612100892] admin_additionalSettings
2022-06-21 21:25:53,044:INFO:CALL [612100892] admin_systemSettings
2022-06-21 21:25:58,818:INFO:CALL [612100892] admin_additionalSettings
2022-06-21 21:26:00,046:INFO:CALL [612100892] admin_shopSettings
2022-06-21 21:26:01,400:INFO:CALL [612100892] admin_adminPanel
2022-06-21 21:26:13,406:INFO:Stop polling...
2022-06-21 21:26:13,407:WARNING:Goodbye!
2022-06-21 21:26:50,210:INFO:Bot: TestAccountSellBot [@test_acc_sell_bot]
2022-06-21 21:26:50,310:WARNING:Updates were skipped successfully.
2022-06-21 21:26:50,310:INFO:Start polling.
2022-06-21 21:26:50,403:INFO:CALL [612100892] admin_shopSettings
2022-06-21 21:26:51,986:INFO:CALL [612100892] admin_additionalSettings
2022-06-21 21:26:53,373:INFO:CALL [612100892] admin_customCommands
2022-06-21 21:26:54,264:INFO:CALL [612100892] admin_deleteCommand1
2022-06-21 21:26:55,569:INFO:CALL [612100892] admin_additionalSettings
2022-06-21 21:26:56,450:INFO:CALL [612100892] admin_shopSettings
2022-06-21 21:26:58,214:INFO:CALL [612100892] admin_adminPanel
2022-06-21 21:38:43,704:INFO:Stop polling...
2022-06-21 21:38:43,704:WARNING:Goodbye!
2022-06-21 22:17:14,149:INFO:Bot: TestAccountSellBot [@test_acc_sell_bot]
2022-06-21 22:17:15,242:WARNING:Updates were skipped successfully.
2022-06-21 22:17:15,242:INFO:Start polling.
2022-06-21 22:17:29,218:INFO:MESSAGE [612100892] 🗄️ Каталог
2022-06-21 22:17:30,844:INFO:CALL [612100892] viewCat1
2022-06-21 22:17:35,206:INFO:CALL [612100892] viewItem4
2022-06-21 22:17:39,335:INFO:CALL [612100892] addToCart4
2022-06-21 22:17:42,425:INFO:MESSAGE [612100892] 🛒 Корзина
2022-06-21 22:17:45,618:INFO:CALL [612100892] None
2022-06-21 22:17:46,573:INFO:CALL [612100892] None
2022-06-21 22:17:47,950:INFO:CALL [612100892] None
2022-06-21 22:17:49,346:INFO:CALL [612100892] checkoutCart
2022-06-21 22:18:28,860:INFO:CALL [612100892] cart (STATE)
2022-06-21 22:18:30,721:INFO:CALL [612100892] checkoutCart
2022-06-21 22:18:46,158:INFO:CALL [612100892] checkoutCartConfirm (STATE)
2022-06-21 22:18:46,278:ERROR:Task exception was never retrieved
future: <Task finished name='Task-68' coro=<Dispatcher._process_polling_updates() done, defined at /home/nazarinho/telegram-bots/shop-telegram-bot/venv/lib/python3.10/site-packages/aiogram/dispatcher/dispatcher.py:407> exception=KeyError('item_id')>
Traceback (most recent call last):
  File "/home/nazarinho/telegram-bots/shop-telegram-bot/venv/lib/python3.10/site-packages/aiogram/dispatcher/dispatcher.py", line 415, in _process_polling_updates
    for responses in itertools.chain.from_iterable(await self.process_updates(updates, fast)):
  File "/home/nazarinho/telegram-bots/shop-telegram-bot/venv/lib/python3.10/site-packages/aiogram/dispatcher/dispatcher.py", line 235, in process_updates
    return await asyncio.gather(*tasks)
  File "/home/nazarinho/telegram-bots/shop-telegram-bot/venv/lib/python3.10/site-packages/aiogram/dispatcher/handler.py", line 116, in notify
    response = await handler_obj.handler(*args, **partial_data)
  File "/home/nazarinho/telegram-bots/shop-telegram-bot/venv/lib/python3.10/site-packages/aiogram/dispatcher/dispatcher.py", line 283, in process_update
    return await self.callback_query_handlers.notify(update.callback_query)
  File "/home/nazarinho/telegram-bots/shop-telegram-bot/venv/lib/python3.10/site-packages/aiogram/dispatcher/handler.py", line 116, in notify
    response = await handler_obj.handler(*args, **partial_data)
  File "/home/nazarinho/telegram-bots/shop-telegram-bot/src/main.py", line 2526, in cancelState
    item = itm.Item(data["item_id"])
KeyError: 'item_id'
2022-06-21 22:19:08,289:INFO:CALL [612100892] cart (STATE)
2022-06-21 22:19:10,113:INFO:CALL [612100892] cart
2022-06-21 22:19:11,123:INFO:CALL [612100892] cart
2022-06-21 22:19:13,117:INFO:MESSAGE [612100892] 📁 Профиль
2022-06-21 22:19:14,968:INFO:MESSAGE [612100892] 🛒 Корзина
2022-06-21 22:19:21,169:INFO:MESSAGE [612100892] 🗄️ Каталог
2022-06-21 22:19:29,033:INFO:CALL [612100892] viewCat1
2022-06-21 22:19:30,685:INFO:CALL [612100892] viewItem4
2022-06-21 22:19:33,046:INFO:CALL [612100892] addToCart4
2022-06-21 22:19:39,371:INFO:MESSAGE [612100892] 🛒 Корзина
2022-06-21 22:19:41,051:INFO:CALL [612100892] checkoutCart
2022-06-21 22:19:52,021:INFO:CALL [612100892] cart (STATE)
2022-06-21 22:19:55,981:INFO:CALL [612100892] checkoutCart
2022-06-21 22:20:08,783:INFO:CALL [612100892] checkoutCartConfirm (STATE)
2022-06-21 22:20:08,892:ERROR:Task exception was never retrieved
future: <Task finished name='Task-148' coro=<Dispatcher._process_polling_updates() done, defined at /home/nazarinho/telegram-bots/shop-telegram-bot/venv/lib/python3.10/site-packages/aiogram/dispatcher/dispatcher.py:407> exception=KeyError('item_id')>
Traceback (most recent call last):
  File "/home/nazarinho/telegram-bots/shop-telegram-bot/venv/lib/python3.10/site-packages/aiogram/dispatcher/dispatcher.py", line 415, in _process_polling_updates
    for responses in itertools.chain.from_iterable(await self.process_updates(updates, fast)):
  File "/home/nazarinho/telegram-bots/shop-telegram-bot/venv/lib/python3.10/site-packages/aiogram/dispatcher/dispatcher.py", line 235, in process_updates
    return await asyncio.gather(*tasks)
  File "/home/nazarinho/telegram-bots/shop-telegram-bot/venv/lib/python3.10/site-packages/aiogram/dispatcher/handler.py", line 116, in notify
    response = await handler_obj.handler(*args, **partial_data)
  File "/home/nazarinho/telegram-bots/shop-telegram-bot/venv/lib/python3.10/site-packages/aiogram/dispatcher/dispatcher.py", line 283, in process_update
    return await self.callback_query_handlers.notify(update.callback_query)
  File "/home/nazarinho/telegram-bots/shop-telegram-bot/venv/lib/python3.10/site-packages/aiogram/dispatcher/handler.py", line 116, in notify
    response = await handler_obj.handler(*args, **partial_data)
  File "/home/nazarinho/telegram-bots/shop-telegram-bot/src/main.py", line 2526, in cancelState
    item = itm.Item(data["item_id"])
KeyError: 'item_id'
2022-06-21 22:20:45,900:INFO:CALL [612100892] cart (STATE)
2022-06-21 22:21:28,748:INFO:MESSAGE [612100892] 🗄️ Каталог
2022-06-21 22:21:29,992:INFO:CALL [612100892] viewCat1
2022-06-21 22:21:31,062:INFO:CALL [612100892] viewItem4
2022-06-21 22:21:32,828:INFO:CALL [612100892] addToCart4
2022-06-21 22:21:37,559:INFO:MESSAGE [612100892] 🛒 Корзина
2022-06-21 22:21:40,197:INFO:CALL [612100892] checkoutCart
2022-06-21 22:21:50,441:INFO:CALL [612100892] checkoutCartConfirm (STATE)
2022-06-21 22:21:50,517:ERROR:Task exception was never retrieved
future: <Task finished name='Task-195' coro=<Dispatcher._process_polling_updates() done, defined at /home/nazarinho/telegram-bots/shop-telegram-bot/venv/lib/python3.10/site-packages/aiogram/dispatcher/dispatcher.py:407> exception=KeyError('item_id')>
Traceback (most recent call last):
  File "/home/nazarinho/telegram-bots/shop-telegram-bot/venv/lib/python3.10/site-packages/aiogram/dispatcher/dispatcher.py", line 415, in _process_polling_updates
    for responses in itertools.chain.from_iterable(await self.process_updates(updates, fast)):
  File "/home/nazarinho/telegram-bots/shop-telegram-bot/venv/lib/python3.10/site-packages/aiogram/dispatcher/dispatcher.py", line 235, in process_updates
    return await asyncio.gather(*tasks)
  File "/home/nazarinho/telegram-bots/shop-telegram-bot/venv/lib/python3.10/site-packages/aiogram/dispatcher/handler.py", line 116, in notify
    response = await handler_obj.handler(*args, **partial_data)
  File "/home/nazarinho/telegram-bots/shop-telegram-bot/venv/lib/python3.10/site-packages/aiogram/dispatcher/dispatcher.py", line 283, in process_update
    return await self.callback_query_handlers.notify(update.callback_query)
  File "/home/nazarinho/telegram-bots/shop-telegram-bot/venv/lib/python3.10/site-packages/aiogram/dispatcher/handler.py", line 116, in notify
    response = await handler_obj.handler(*args, **partial_data)
  File "/home/nazarinho/telegram-bots/shop-telegram-bot/src/main.py", line 2526, in cancelState
    item = itm.Item(data["item_id"])
KeyError: 'item_id'
2022-06-21 22:22:11,646:INFO:Stop polling...
2022-06-21 22:22:11,646:WARNING:Goodbye!
2022-06-21 22:22:14,139:INFO:Bot: TestAccountSellBot [@test_acc_sell_bot]
2022-06-21 22:22:15,236:WARNING:Updates were skipped successfully.
2022-06-21 22:22:15,236:INFO:Start polling.
2022-06-21 22:22:17,215:INFO:CALL [612100892] cart
2022-06-21 22:22:20,022:INFO:MESSAGE [612100892] 🗄️ Каталог
2022-06-21 22:22:21,184:INFO:CALL [612100892] viewCat1
2022-06-21 22:22:22,168:INFO:CALL [612100892] viewItem4
2022-06-21 22:22:23,977:INFO:CALL [612100892] addToCart4
2022-06-21 22:22:32,694:INFO:MESSAGE [612100892] 🛒 Корзина
2022-06-21 22:22:34,214:INFO:CALL [612100892] checkoutCart
2022-06-21 22:22:47,067:INFO:CALL [612100892] checkoutCartConfirm (STATE)
2022-06-21 22:22:55,332:INFO:CALL [612100892] cart
2022-06-21 22:31:49,939:INFO:Stop polling...
2022-06-21 22:31:49,939:WARNING:Goodbye!
2022-06-21 22:31:52,350:INFO:Bot: TestAccountSellBot [@test_acc_sell_bot]
2022-06-21 22:31:53,461:WARNING:Updates were skipped successfully.
2022-06-21 22:31:53,461:INFO:Start polling.
2022-06-21 22:31:59,417:INFO:MESSAGE [612100892] 🗄️ Каталог
2022-06-21 22:32:00,644:INFO:CALL [612100892] viewCat2
2022-06-21 22:32:01,719:INFO:CALL [612100892] viewItem5
2022-06-21 22:32:06,462:INFO:CALL [612100892] addToCart5
2022-06-21 22:32:08,621:INFO:MESSAGE [612100892] 🛒 Корзина
2022-06-21 22:32:10,080:INFO:CALL [612100892] checkoutCart
2022-06-21 22:32:20,746:INFO:CALL [612100892] checkoutCartConfirm (STATE)
2022-06-21 22:32:20,815:ERROR:Task exception was never retrieved
future: <Task finished name='Task-45' coro=<Dispatcher._process_polling_updates() done, defined at /home/nazarinho/telegram-bots/shop-telegram-bot/venv/lib/python3.10/site-packages/aiogram/dispatcher/dispatcher.py:407> exception=KeyError('item_id')>
Traceback (most recent call last):
  File "/home/nazarinho/telegram-bots/shop-telegram-bot/venv/lib/python3.10/site-packages/aiogram/dispatcher/dispatcher.py", line 415, in _process_polling_updates
    for responses in itertools.chain.from_iterable(await self.process_updates(updates, fast)):
  File "/home/nazarinho/telegram-bots/shop-telegram-bot/venv/lib/python3.10/site-packages/aiogram/dispatcher/dispatcher.py", line 235, in process_updates
    return await asyncio.gather(*tasks)
  File "/home/nazarinho/telegram-bots/shop-telegram-bot/venv/lib/python3.10/site-packages/aiogram/dispatcher/handler.py", line 116, in notify
    response = await handler_obj.handler(*args, **partial_data)
  File "/home/nazarinho/telegram-bots/shop-telegram-bot/venv/lib/python3.10/site-packages/aiogram/dispatcher/dispatcher.py", line 283, in process_update
    return await self.callback_query_handlers.notify(update.callback_query)
  File "/home/nazarinho/telegram-bots/shop-telegram-bot/venv/lib/python3.10/site-packages/aiogram/dispatcher/handler.py", line 116, in notify
    response = await handler_obj.handler(*args, **partial_data)
  File "/home/nazarinho/telegram-bots/shop-telegram-bot/src/main.py", line 2526, in cancelState
    item = itm.Item(data["item_id"])
KeyError: 'item_id'
2022-06-21 22:39:54,890:INFO:Stop polling...
2022-06-21 22:39:54,890:WARNING:Goodbye!
2022-06-21 22:47:13,454:INFO:Bot: TestAccountSellBot [@test_acc_sell_bot]
2022-06-21 22:47:14,551:WARNING:Updates were skipped successfully.
2022-06-21 22:47:14,551:INFO:Start polling.
2022-06-21 23:25:23,822:INFO:MESSAGE [612100892] 🗄️ Каталог
2022-06-21 23:25:29,496:INFO:CALL [612100892] search
2022-06-21 23:40:26,085:INFO:Stop polling...
2022-06-21 23:40:26,085:WARNING:Goodbye!
